Flow report for ECE385
Wed Jul 05 11:57:10 2023
Quartus Prime Version 18.1.0 Build 625 09/12/2018 SJ Standard Edition


---------------------
; Table of Contents ;
---------------------
  1. Legal Notice
  2. Flow Summary
  3. Flow Settings
  4. Flow Non-Default Global Settings
  5. Flow Elapsed Time
  6. Flow OS Summary
  7. Flow Log
  8. Flow Messages
  9. Flow Suppressed Messages



----------------
; Legal Notice ;
----------------
Copyright (C) 2018  Intel Corporation. All rights reserved.
Your use of Intel Corporation's design tools, logic functions 
and other software and tools, and its AMPP partner logic 
functions, and any output files from any of the foregoing 
(including device programming or simulation files), and any 
associated documentation or information are expressly subject 
to the terms and conditions of the Intel Program License 
Subscription Agreement, the Intel Quartus Prime License Agreement,
the Intel FPGA IP License Agreement, or other applicable license
agreement, including, without limitation, that your use is for
the sole purpose of programming logic devices manufactured by
Intel and sold by Intel or its authorized distributors.  Please
refer to the applicable agreement for further details.



+--------------------------------------------------------------------------------------+
; Flow Summary                                                                         ;
+------------------------------------+-------------------------------------------------+
; Flow Status                        ; Successful - Wed Jul 05 11:56:46 2023           ;
; Quartus Prime Version              ; 18.1.0 Build 625 09/12/2018 SJ Standard Edition ;
; Revision Name                      ; ECE385                                          ;
; Top-level Entity Name              ; project_top                                     ;
; Family                             ; Cyclone IV E                                    ;
; Device                             ; EP4CE115F29C7                                   ;
; Timing Models                      ; Final                                           ;
; Total logic elements               ; 34,167 / 114,480 ( 30 % )                       ;
;     Total combinational functions  ; 27,484 / 114,480 ( 24 % )                       ;
;     Dedicated logic registers      ; 19,498 / 114,480 ( 17 % )                       ;
; Total registers                    ; 19643                                           ;
; Total pins                         ; 311 / 529 ( 59 % )                              ;
; Total virtual pins                 ; 0                                               ;
; Total memory bits                  ; 2,623,212 / 3,981,312 ( 66 % )                  ;
; Embedded Multiplier 9-bit elements ; 352 / 532 ( 66 % )                              ;
; Total PLLs                         ; 1 / 4 ( 25 % )                                  ;
+------------------------------------+-------------------------------------------------+


+-----------------------------------------+
; Flow Settings                           ;
+-------------------+---------------------+
; Option            ; Setting             ;
+-------------------+---------------------+
; Start date & time ; 07/05/2023 11:46:49 ;
; Main task         ; Compilation         ;
; Revision Name     ; ECE385              ;
+-------------------+---------------------+


+-------------------------------------------------------------------------------------------------------------------------------------------+
; Flow Non-Default Global Settings                                                                                                          ;
+-------------------------------------+----------------------------------------------------------+---------------+-------------+------------+
; Assignment Name                     ; Value                                                    ; Default Value ; Entity Name ; Section Id ;
+-------------------------------------+----------------------------------------------------------+---------------+-------------+------------+
; COMPILER_SIGNATURE_ID               ; 186426158108.168852880913136                             ; --            ; --          ; --         ;
; MAX_CORE_JUNCTION_TEMP              ; 85                                                       ; --            ; --          ; --         ;
; MIN_CORE_JUNCTION_TEMP              ; 0                                                        ; --            ; --          ; --         ;
; MISC_FILE                           ; ../ip/qsys/synthesis/../ECE385.cmp                       ; --            ; --          ; --         ;
; MISC_FILE                           ; ../ip/qsys/synthesis/../../ECE385.qsys                   ; --            ; --          ; --         ;
; OUTPUT_IO_TIMING_FAR_END_VMEAS      ; Half Signal Swing                                        ; --            ; --          ; --         ;
; OUTPUT_IO_TIMING_FAR_END_VMEAS      ; Half Signal Swing                                        ; --            ; --          ; --         ;
; OUTPUT_IO_TIMING_NEAR_END_VMEAS     ; Half Vccio                                               ; --            ; --          ; --         ;
; OUTPUT_IO_TIMING_NEAR_END_VMEAS     ; Half Vccio                                               ; --            ; --          ; --         ;
; PARTITION_COLOR                     ; -- (Not supported for targeted family)                   ; --            ; project_top ; Top        ;
; PARTITION_FITTER_PRESERVATION_LEVEL ; -- (Not supported for targeted family)                   ; --            ; project_top ; Top        ;
; PARTITION_NETLIST_TYPE              ; -- (Not supported for targeted family)                   ; --            ; project_top ; Top        ;
; POWER_BOARD_THERMAL_MODEL           ; None (CONSERVATIVE)                                      ; --            ; --          ; --         ;
; POWER_PRESET_COOLING_SOLUTION       ; 23 MM HEAT SINK WITH 200 LFPM AIRFLOW                    ; --            ; --          ; --         ;
; SLD_FILE                            ; ../ip/qsys/synthesis/ECE385.regmap                       ; --            ; --          ; --         ;
; SLD_FILE                            ; ../ip/qsys/synthesis/ECE385.debuginfo                    ; --            ; --          ; --         ;
; SLD_INFO                            ; QSYS_NAME ECE385 HAS_SOPCINFO 1 GENERATION_ID 1559640077 ; --            ; --          ; --         ;
; SOPCINFO_FILE                       ; ../ip/qsys/synthesis/../../ECE385.sopcinfo               ; --            ; --          ; --         ;
; SYNTHESIS_ONLY_QIP                  ; On                                                       ; --            ; --          ; --         ;
; TOP_LEVEL_ENTITY                    ; project_top                                              ; ECE385        ; --          ; --         ;
+-------------------------------------+----------------------------------------------------------+---------------+-------------+------------+


+--------------------------------------------------------------------------------------------------------------------------+
; Flow Elapsed Time                                                                                                        ;
+----------------------+--------------+-------------------------+---------------------+------------------------------------+
; Module Name          ; Elapsed Time ; Average Processors Used ; Peak Virtual Memory ; Total CPU Time (on all processors) ;
+----------------------+--------------+-------------------------+---------------------+------------------------------------+
; Analysis & Synthesis ; 00:05:11     ; 1.0                     ; 5676 MB             ; 00:04:55                           ;
; Fitter               ; 00:04:03     ; 1.2                     ; 6819 MB             ; 00:03:42                           ;
; Assembler            ; 00:00:06     ; 1.0                     ; 4852 MB             ; 00:00:05                           ;
; Timing Analyzer      ; 00:00:23     ; 1.7                     ; 5378 MB             ; 00:00:23                           ;
; Total                ; 00:09:43     ; --                      ; --                  ; 00:09:05                           ;
+----------------------+--------------+-------------------------+---------------------+------------------------------------+


+------------------------------------------------------------------------------------+
; Flow OS Summary                                                                    ;
+----------------------+------------------+------------+------------+----------------+
; Module Name          ; Machine Hostname ; OS Name    ; OS Version ; Processor type ;
+----------------------+------------------+------------+------------+----------------+
; Analysis & Synthesis ; ppqppl           ; Windows 10 ; 10.0       ; x86_64         ;
; Fitter               ; ppqppl           ; Windows 10 ; 10.0       ; x86_64         ;
; Assembler            ; ppqppl           ; Windows 10 ; 10.0       ; x86_64         ;
; Timing Analyzer      ; ppqppl           ; Windows 10 ; 10.0       ; x86_64         ;
+----------------------+------------------+------------+------------+----------------+


------------
; Flow Log ;
------------
quartus_map --read_settings_files=on --write_settings_files=off ECE385 -c ECE385
quartus_fit --read_settings_files=off --write_settings_files=off ECE385 -c ECE385
quartus_asm --read_settings_files=off --write_settings_files=off ECE385 -c ECE385
quartus_sta ECE385 -c ECE385



